[main 42edf2a] update
 1 file changed, 0 insertions(+), 0 deletions(-)
 create mode 100644 push.log
fatal: could not read Username for 'https://github.com': Device not configured
[main 1da620c] update
 1 file changed, 4 insertions(+)
fatal: could not read Username for 'https://github.com': Device not configured
[main 854ead1] update
 1 file changed, 3 insertions(+)
fatal: could not read Username for 'https://github.com': Device not configured
[main c723178] update
 1 file changed, 3 insertions(+)
fatal: could not read Username for 'https://github.com': Device not configured
[main 317081c] update
 1 file changed, 3 insertions(+)
fatal: could not read Username for 'https://github.com': Device not configured
[main cdf3ccd] update
 2 files changed, 3 insertions(+)
 create mode 100644 .push.sh.swp
fatal: could not read Username for 'https://github.com': Device not configured
[main 5e9ab7d] update
 1 file changed, 4 insertions(+)
fatal: could not read Username for 'https://github.com': Device not configured
